<?xml version="1.0" encoding="UTF-8"?>
<!-- Generated by org.testng.reporters.JUnitReportReporter -->
<testsuite skipped="0" hostname="LAPTOP-AHRL2TBQ" name="com.qa.api.tests.GetUserTest" tests="1" failures="0" timestamp="2020-08-15T22:44:36 IST" time="2.992" errors="0">
  <testcase name="getuserwithqueryparameter" time="2.992" classname="com.qa.api.tests.GetUserTest"/>
  <system-out/>
</testsuite> <!-- com.qa.api.tests.GetUserTest -->
