<?xml version="1.0" encoding="UTF-8"?>
<!-- Generated by org.testng.reporters.JUnitReportReporter -->
<testsuite skipped="0" hostname="LAPTOP-AHRL2TBQ" name="com.qa.api.tests.CreateUserTest" tests="1" failures="0" timestamp="2020-08-16T12:38:57 IST" time="7.960" errors="0">
  <testcase name="createusertest" time="7.960" classname="com.qa.api.tests.CreateUserTest"/>
  <system-out/>
</testsuite> <!-- com.qa.api.tests.CreateUserTest -->
